#
# There is insufficient memory for the Java Runtime Environment to continue.
# Native memory allocation (mmap) failed to map 98566144 bytes for G1 virtual space
# Possible reasons:
#   The system is out of physical RAM or swap space
#   The process is running with CompressedOops enabled, and the Java Heap may be blocking the growth of the native heap
# Possible solutions:
#   Reduce memory load on the system
#   Increase physical memory or swap space
#   Check if swap backing store is full
#   Decrease Java heap size (-Xmx/-Xms)
#   Decrease number of Java threads
#   Decrease Java thread stack sizes (-Xss)
#   Set larger code cache with -XX:ReservedCodeCacheSize=
#   JVM is running with Unscaled Compressed Oops mode in which the Java heap is
#     placed in the first 4GB address space. The Java Heap base address is the
#     maximum limit for the native heap growth. Please use -XX:HeapBaseMinAddress
#     to set the Java Heap base and to place the Java Heap above 4GB virtual address.
# This output file may be truncated or incomplete.
#
#  Out of Memory Error (os_windows.cpp:3825), pid=25500, tid=5680
#
# JRE version:  (17.0.10+1) (build )
# Java VM: OpenJDK 64-Bit Server VM (17.0.10+1-b1087.17, mixed mode, sharing, tiered, compressed oops, compressed class ptrs, g1 gc, windows-amd64)
# No core dump will be written. Minidumps are not enabled by default on client versions of Windows
#

---------------  S U M M A R Y ------------

Command Line: git4idea.http.GitAskPassApp Username for 'https://github.com': 

Host: AMD Ryzen 5 7520U with Radeon Graphics         , 8 cores, 5G,  Windows 11 , 64 bit Build 22621 (10.0.22621.3085)
Time: Fri Mar  1 21:59:54 2024 SE Asia Standard Time elapsed time: 0.027285 seconds (0d 0h 0m 0s)

---------------  T H R E A D  ---------------

Current thread (0x000001a6ccfbcf30):  JavaThread "Unknown thread" [_thread_in_vm, id=5680, stack(0x0000006d56f00000,0x0000006d57000000)]

Stack: [0x0000006d56f00000,0x0000006d57000000]
Native frames: (J=compiled Java code, j=interpreted, Vv=VM code, C=native code)
V  [jvm.dll+0x688ac9]
V  [jvm.dll+0x84220a]
V  [jvm.dll+0x843e4e]
V  [jvm.dll+0x8444b3]
V  [jvm.dll+0x24ba8f]
V  [jvm.dll+0x685899]
V  [jvm.dll+0x67a14a]
V  [jvm.dll+0x30c7eb]
V  [jvm.dll+0x313c96]
V  [jvm.dll+0x363a2e]
V  [jvm.dll+0x363c5f]
V  [jvm.dll+0x2e25b8]
V  [jvm.dll+0x2e3524]
V  [jvm.dll+0x812d71]
V  [jvm.dll+0x3718e1]
V  [jvm.dll+0x7f18d6]
V  [jvm.dll+0x3f553f]
V  [jvm.dll+0x3f7171]
C  [jli.dll+0x528f]
C  [ucrtbase.dll+0x29363]
C  [KERNEL32.DLL+0x1257d]
C  [ntdll.dll+0x5aa58]


---------------  P R O C E S S  ---------------

Threads class SMR info:
_java_thread_list=0x00007ff9bd9bef58, length=0, elements={
}

Java Threads: ( => current thread )

Other Threads:
  0x000001a6cd007220 GCTaskThread "GC Thread#0" [stack: 0x0000006d57000000,0x0000006d57100000] [id=31692]
  0x000001a6cd014400 ConcurrentGCThread "G1 Main Marker" [stack: 0x0000006d57100000,0x0000006d57200000] [id=31344]
  0x000001a6cd0155c0 ConcurrentGCThread "G1 Conc#0" [stack: 0x0000006d57200000,0x0000006d57300000] [id=29948]

[error occurred during error reporting (printing all threads), id 0xc0000005, EXCEPTION_ACCESS_VIOLATION (0xc0000005) at pc=0x00007ff9bd173187]

VM state: not at safepoint (not fully initialized)

VM Mutex/Monitor currently owned by a thread:  ([mutex/lock_event])
[0x000001a6ccfb68e0] Heap_lock - owner thread: 0x000001a6ccfbcf30

Heap address: 0x00000000a2c00000, size: 1492 MB, Compressed Oops mode: 32-bit

CDS archive(s) mapped at: [0x0000000000000000-0x0000000000000000-0x0000000000000000), size 0, SharedBaseAddress: 0x0000000800000000, ArchiveRelocationMode: 1.
Narrow klass base: 0x0000000000000000, Narrow klass shift: 0, Narrow klass range: 0x0

GC Precious Log:
<Empty>

Heap:
 garbage-first heap   total 0K, used 0K [0x00000000a2c00000, 0x0000000100000000)
  region size 1024K, 0 young (0K), 0 survivors (0K)
 Metaspace       used 0K, committed 0K, reserved 0K
  class space    used 0K, committed 0K, reserved 0K

Heap Regions: E=young(eden), S=young(survivor), O=old, HS=humongous(starts), HC=humongous(continues), CS=collection set, F=free, OA=open archive, CA=closed archive, TAMS=top-at-mark-start (previous, next)

Card table byte_map: [0x000001a6dfd50000,0x000001a6e0040000] _byte_map_base: 0x000001a6df83a000

Marking Bits (Prev, Next): (CMBitMap*) 0x000001a6cd007840, (CMBitMap*) 0x000001a6cd007880
 Prev Bits: [0x000001a6e0330000, 0x000001a6e1a80000)
 Next Bits: [0x000001a6e1a80000, 0x000001a6e31d0000)

GC Heap History (0 events):
No events

Dll operation events (1 events):
Event: 0.016 Loaded shared library C:\Program Files\JetBrains\IntelliJ IDEA Community Edition 2023.3.4\jbr\bin\java.dll

Deoptimization events (0 events):
No events

Classes unloaded (0 events):
No events

Classes redefined (0 events):
No events

Internal exceptions (0 events):
No events

VM Operations (0 events):
No events

Events (0 events):
No events


Dynamic libraries:
0x00007ff6a03d0000 - 0x00007ff6a03da000 	C:\Program Files\JetBrains\IntelliJ IDEA Community Edition 2023.3.4\jbr\bin\java.exe
0x00007ffabfbb0000 - 0x00007ffabfdc7000 	C:\Windows\SYSTEM32\ntdll.dll
0x00007ffabdcd0000 - 0x00007ffabdd94000 	C:\Windows\System32\KERNEL32.DLL
0x00007ffabd0f0000 - 0x00007ffabd496000 	C:\Windows\System32\KERNELBASE.dll
0x00007ffabd640000 - 0x00007ffabd751000 	C:\Windows\System32\ucrtbase.dll
0x00007ffa96e80000 - 0x00007ffa96e9b000 	C:\Program Files\JetBrains\IntelliJ IDEA Community Edition 2023.3.4\jbr\bin\VCRUNTIME140.dll
0x00007ffa87a10000 - 0x00007ffa87a27000 	C:\Program Files\JetBrains\IntelliJ IDEA Community Edition 2023.3.4\jbr\bin\jli.dll
0x00007ffabde30000 - 0x00007ffabdfde000 	C:\Windows\System32\USER32.dll
0x00007ffabd050000 - 0x00007ffabd076000 	C:\Windows\System32\win32u.dll
0x00007ffaa1450000 - 0x00007ffaa16e3000 	C:\Windows\WinSxS\amd64_microsoft.windows.common-controls_6595b64144ccf1df_6.0.22621.2506_none_270c5ae97388e100\COMCTL32.dll
0x00007ffabfb40000 - 0x00007ffabfb69000 	C:\Windows\System32\GDI32.dll
0x00007ffabe710000 - 0x00007ffabe7b7000 	C:\Windows\System32\msvcrt.dll
0x00007ffabd760000 - 0x00007ffabd878000 	C:\Windows\System32\gdi32full.dll
0x00007ffabcfb0000 - 0x00007ffabd04a000 	C:\Windows\System32\msvcp_win.dll
0x00007ffabda50000 - 0x00007ffabda81000 	C:\Windows\System32\IMM32.DLL
0x00007ffab9320000 - 0x00007ffab932c000 	C:\Program Files\JetBrains\IntelliJ IDEA Community Edition 2023.3.4\jbr\bin\vcruntime140_1.dll
0x00007ffa80520000 - 0x00007ffa805ad000 	C:\Program Files\JetBrains\IntelliJ IDEA Community Edition 2023.3.4\jbr\bin\msvcp140.dll
0x00007ff9bce80000 - 0x00007ff9bdb03000 	C:\Program Files\JetBrains\IntelliJ IDEA Community Edition 2023.3.4\jbr\bin\server\jvm.dll
0x00007ffabf180000 - 0x00007ffabf233000 	C:\Windows\System32\ADVAPI32.dll
0x00007ffabd900000 - 0x00007ffabd9a8000 	C:\Windows\System32\sechost.dll
0x00007ffabd4a0000 - 0x00007ffabd4c8000 	C:\Windows\System32\bcrypt.dll
0x00007ffabf860000 - 0x00007ffabf977000 	C:\Windows\System32\RPCRT4.dll
0x00007ffab4350000 - 0x00007ffab4359000 	C:\Windows\SYSTEM32\WSOCK32.dll
0x00007ffabd9d0000 - 0x00007ffabda41000 	C:\Windows\System32\WS2_32.dll
0x00007ffab5fd0000 - 0x00007ffab5fda000 	C:\Windows\SYSTEM32\VERSION.dll
0x00007ffab6310000 - 0x00007ffab6344000 	C:\Windows\SYSTEM32\WINMM.dll
0x00007ffabcb60000 - 0x00007ffabcbad000 	C:\Windows\SYSTEM32\POWRPROF.dll
0x00007ffabc960000 - 0x00007ffabc973000 	C:\Windows\SYSTEM32\UMPDC.dll
0x00007ffabbf00000 - 0x00007ffabbf18000 	C:\Windows\SYSTEM32\kernel.appcore.dll
0x00007ffab0450000 - 0x00007ffab045a000 	C:\Program Files\JetBrains\IntelliJ IDEA Community Edition 2023.3.4\jbr\bin\jimage.dll
0x00007ffaba8e0000 - 0x00007ffabab13000 	C:\Windows\SYSTEM32\DBGHELP.DLL
0x00007ffabe0e0000 - 0x00007ffabe469000 	C:\Windows\System32\combase.dll
0x00007ffabe630000 - 0x00007ffabe707000 	C:\Windows\System32\OLEAUT32.dll
0x00007ffab27c0000 - 0x00007ffab27f2000 	C:\Windows\SYSTEM32\dbgcore.DLL
0x00007ffabd880000 - 0x00007ffabd8fa000 	C:\Windows\System32\bcryptPrimitives.dll
0x00007ffa8afa0000 - 0x00007ffa8afc5000 	C:\Program Files\JetBrains\IntelliJ IDEA Community Edition 2023.3.4\jbr\bin\java.dll

dbghelp: loaded successfully - version: 4.0.5 - missing functions: none
symbol engine: initialized successfully - sym options: 0x614 - pdb path: .;C:\Program Files\JetBrains\IntelliJ IDEA Community Edition 2023.3.4\jbr\bin;C:\Windows\SYSTEM32;C:\Windows\WinSxS\amd64_microsoft.windows.common-controls_6595b64144ccf1df_6.0.22621.2506_none_270c5ae97388e100;C:\Program Files\JetBrains\IntelliJ IDEA Community Edition 2023.3.4\jbr\bin\server

VM Arguments:
java_command: git4idea.http.GitAskPassApp Username for 'https://github.com': 
java_class_path (initial): C:/Program Files/JetBrains/IntelliJ IDEA Community Edition 2023.3.4/plugins/vcs-git/lib/git4idea-rt.jar;C:/Program Files/JetBrains/IntelliJ IDEA Community Edition 2023.3.4/lib/externalProcess-rt.jar
Launcher Type: SUN_STANDARD

[Global flags]
     intx CICompilerCount                          = 4                                         {product} {ergonomic}
     uint ConcGCThreads                            = 2                                         {product} {ergonomic}
     uint G1ConcRefinementThreads                  = 8                                         {product} {ergonomic}
   size_t G1HeapRegionSize                         = 1048576                                   {product} {ergonomic}
    uintx GCDrainStackTargetSize                   = 64                                        {product} {ergonomic}
   size_t InitialHeapSize                          = 98566144                                  {product} {ergonomic}
   size_t MarkStackSize                            = 4194304                                   {product} {ergonomic}
   size_t MaxHeapSize                              = 1564475392                                {product} {ergonomic}
   size_t MinHeapDeltaBytes                        = 1048576                                   {product} {ergonomic}
   size_t MinHeapSize                              = 8388608                                   {product} {ergonomic}
    uintx NonNMethodCodeHeapSize                   = 5839372                                {pd product} {ergonomic}
    uintx NonProfiledCodeHeapSize                  = 122909434                              {pd product} {ergonomic}
    uintx ProfiledCodeHeapSize                     = 122909434                              {pd product} {ergonomic}
    uintx ReservedCodeCacheSize                    = 251658240                              {pd product} {ergonomic}
     bool SegmentedCodeCache                       = true                                      {product} {ergonomic}
   size_t SoftMaxHeapSize                          = 1564475392                             {manageable} {ergonomic}
     bool UseCompressedClassPointers               = true                           {product lp64_product} {ergonomic}
     bool UseCompressedOops                        = true                           {product lp64_product} {ergonomic}
     bool UseG1GC                                  = true                                      {product} {ergonomic}
     bool UseLargePagesIndividualAllocation        = false                                  {pd product} {ergonomic}

Logging:
Log output configuration:
 #0: stdout all=warning uptime,level,tags
 #1: stderr all=off uptime,level,tags

Environment Variables:
PATH=C:/Program Files/Git/mingw64/libexec/git-core;C:/Program Files/Git/mingw64/libexec/git-core;C:\Program Files\Git\mingw64\bin;C:\Program Files\Git\usr\bin;C:\Users\novep\bin;C:\Program Files\Common Files\Oracle\Java\javapath;C:\Windows\system32;C:\Windows;C:\Windows\System32\Wbem;C:\Windows\System32\WindowsPowerShell\v1.0\;C:\Windows\System32\OpenSSH\;C:\Program Files\Git\cmd;C:\Users\novep\AppData\Local\Microsoft\WindowsApps;C:\Users\novep\AppData\Local\Programs\Microsoft VS Code\bin;C:\Users\novep\AppData\Local\GitHubDesktop\bin
USERNAME=novep
DISPLAY=:0.0
LC_ALL=en_US.UTF-8
TERM=xterm-256color
TMPDIR=C:\Users\novep\AppData\Local\Temp
OS=Windows_NT
PROCESSOR_IDENTIFIER=AMD64 Family 23 Model 160 Stepping 0, AuthenticAMD
TMP=C:\Users\novep\AppData\Local\Temp
TEMP=C:\Users\novep\AppData\Local\Temp



Periodic native trim disabled

JNI global refs:
JNI global refs: 0, weak refs: 0

JNI global refs memory usage: 0, weak refs: 0

OOME stack traces (most recent first):
Classloader memory used:


---------------  S Y S T E M  ---------------

OS:
 Windows 11 , 64 bit Build 22621 (10.0.22621.3085)
OS uptime: 14 days 21:29 hours
Hyper-V role detected

CPU: total 8 (initial active 8) (8 cores per cpu, 2 threads per core) family 23 model 160 stepping 0 microcode 0x0, cx8, cmov, fxsr, ht, mmx, 3dnowpref, sse, sse2, sse3, ssse3, sse4a, sse4.1, sse4.2, popcnt, lzcnt, tsc, tscinvbit, avx, avx2, aes, clmul, bmi1, bmi2, adx, sha, fma, vzeroupper, clflush, clflushopt, hv
Processor Information for all 8 processors :
  Max Mhz: 2801, Current Mhz: 2801, Mhz Limit: 2801

Memory: 4k page, system-wide physical 5965M (359M free)
TotalPageFile size 24397M (AvailPageFile size 89M)
current process WorkingSet (physical memory assigned to process): 11M, peak: 11M
current process commit charge ("private bytes"): 60M, peak: 154M

vm_info: OpenJDK 64-Bit Server VM (17.0.10+1-b1087.17) for windows-amd64 JRE (17.0.10+1-b1087.17), built on 2024-01-19 by "builduser" with MS VC++ 16.10 / 16.11 (VS2019)

END.
